<?xml version="1.0" encoding="UTF-8"?>
<!-- Generated by org.testng.reporters.JUnitXMLReporter -->
<testsuite hostname="RACLAP80-COMP" ignored="0" name="Guru99 Test" tests="5" failures="0" timestamp="02 Apr 2021 16:46:13 GMT" time="110.079" errors="0">
  <testcase name="LoginTest" time="37.227" classname="Com.Guru99.TestCases.Login_TC_001"/>
  <testcase name="loginToGuru99" time="30.844" classname="Com.Guru99.TestCases.TC_002_AddNewCustomer"/>
  <testcase name="AddCustomer" time="7.554" classname="Com.Guru99.TestCases.TC_002_AddNewCustomer"/>
  <testcase name="AddCustomer" time="4.772" classname="Com.Guru99.TestCases.TC_002_AddNewCustomer"/>
  <testcase name="AddCustomer" time="16.044" classname="Com.Guru99.TestCases.TC_002_AddNewCustomer"/>
</testsuite> <!-- Guru99 Test -->
