<?xml version="1.0" encoding="UTF-8"?>
<!-- Generated by org.testng.reporters.JUnitXMLReporter -->
<testsuite hostname="RACLAP80-COMP" ignored="0" name="Guru99 Test" tests="4" failures="0" timestamp="09 Jul 2021 08:13:37 GMT" time="41.101" errors="0">
  <testcase name="loginToGuru99" time="13.189" classname="Com.Guru99.TestCases.TC_002_AddNewCustomer"/>
  <testcase name="AddCustomer" time="6.385" classname="Com.Guru99.TestCases.TC_002_AddNewCustomer"/>
  <testcase name="AddCustomer" time="6.301" classname="Com.Guru99.TestCases.TC_002_AddNewCustomer"/>
  <testcase name="AddCustomer" time="5.288" classname="Com.Guru99.TestCases.TC_002_AddNewCustomer"/>
</testsuite> <!-- Guru99 Test -->
