<?xml version="1.0" encoding="UTF-8"?>
<testng-results skipped="0" failed="0" ignored="0" total="4" passed="4">
  <reporter-output>
  </reporter-output>
  <suite name="Guru99" duration-ms="41101" started-at="2021-07-09T08:12:56Z" finished-at="2021-07-09T08:13:37Z">
    <groups>
    </groups>
    <test name="Guru99 Test" duration-ms="41101" started-at="2021-07-09T08:12:56Z" finished-at="2021-07-09T08:13:37Z">
      <class name="Com.Guru99.TestCases.TC_002_AddNewCustomer">
        <test-method status="PASS" signature="Setup(java.lang.String)[pri:0, instance:Com.Guru99.TestCases.TC_002_AddNewCustomer@7a30d1e6]" name="Setup" is-config="true" duration-ms="7190" started-at="2021-07-09T08:12:56Z" finished-at="2021-07-09T08:13:03Z">
          <params>
            <param index="0">
              <value>
                <![CDATA[chrome]]>
              </value>
            </param>
          </params>
          <reporter-output>
          </reporter-output>
        </test-method> <!-- Setup -->
        <test-method status="PASS" signature="loginToGuru99()[pri:1, instance:Com.Guru99.TestCases.TC_002_AddNewCustomer@7a30d1e6]" name="loginToGuru99" duration-ms="13189" started-at="2021-07-09T08:13:03Z" finished-at="2021-07-09T08:13:16Z">
          <reporter-output>
          </reporter-output>
        </test-method> <!-- loginToGuru99 -->
        <test-method status="PASS" signature="AddCustomer(java.lang.String, java.lang.String, java.lang.String, java.lang.String, java.lang.String, java.lang.String, java.lang.String, java.lang.String, java.lang.String, java.lang.String)[pri:2, instance:Com.Guru99.TestCases.TC_002_AddNewCustomer@7a30d1e6]" name="AddCustomer" duration-ms="6385" started-at="2021-07-09T08:13:18Z" data-provider="AddNewCustomerData" finished-at="2021-07-09T08:13:25Z">
          <params>
            <param index="0">
              <value>
                <![CDATA[Nikita]]>
              </value>
            </param>
            <param index="1">
              <value>
                <![CDATA[Female]]>
              </value>
            </param>
            <param index="2">
              <value>
                <![CDATA[12031990]]>
              </value>
            </param>
            <param index="3">
              <value>
                <![CDATA[Ram nagar]]>
              </value>
            </param>
            <param index="4">
              <value>
                <![CDATA[Pusad]]>
              </value>
            </param>
            <param index="5">
              <value>
                <![CDATA[Maharashtra]]>
              </value>
            </param>
            <param index="6">
              <value>
                <![CDATA[445204]]>
              </value>
            </param>
            <param index="7">
              <value>
                <![CDATA[5466746565]]>
              </value>
            </param>
            <param index="8">
              <value>
                <![CDATA[abc@gmail.com]]>
              </value>
            </param>
            <param index="9">
              <value>
                <![CDATA[abc1234]]>
              </value>
            </param>
          </params>
          <reporter-output>
          </reporter-output>
        </test-method> <!-- AddCustomer -->
        <test-method status="PASS" signature="AddCustomer(java.lang.String, java.lang.String, java.lang.String, java.lang.String, java.lang.String, java.lang.String, java.lang.String, java.lang.String, java.lang.String, java.lang.String)[pri:2, instance:Com.Guru99.TestCases.TC_002_AddNewCustomer@7a30d1e6]" name="AddCustomer" duration-ms="6301" started-at="2021-07-09T08:13:25Z" data-provider="AddNewCustomerData" finished-at="2021-07-09T08:13:31Z">
          <params>
            <param index="0">
              <value>
                <![CDATA[Muskan]]>
              </value>
            </param>
            <param index="1">
              <value>
                <![CDATA[Female]]>
              </value>
            </param>
            <param index="2">
              <value>
                <![CDATA[12031992]]>
              </value>
            </param>
            <param index="3">
              <value>
                <![CDATA[Magarpatta]]>
              </value>
            </param>
            <param index="4">
              <value>
                <![CDATA[Pune]]>
              </value>
            </param>
            <param index="5">
              <value>
                <![CDATA[Maharashtra]]>
              </value>
            </param>
            <param index="6">
              <value>
                <![CDATA[411001]]>
              </value>
            </param>
            <param index="7">
              <value>
                <![CDATA[7895453435]]>
              </value>
            </param>
            <param index="8">
              <value>
                <![CDATA[mus@gmail.com]]>
              </value>
            </param>
            <param index="9">
              <value>
                <![CDATA[mus1234]]>
              </value>
            </param>
          </params>
          <reporter-output>
          </reporter-output>
        </test-method> <!-- AddCustomer -->
        <test-method status="PASS" signature="AddCustomer(java.lang.String, java.lang.String, java.lang.String, java.lang.String, java.lang.String, java.lang.String, java.lang.String, java.lang.String, java.lang.String, java.lang.String)[pri:2, instance:Com.Guru99.TestCases.TC_002_AddNewCustomer@7a30d1e6]" name="AddCustomer" duration-ms="5288" started-at="2021-07-09T08:13:31Z" data-provider="AddNewCustomerData" finished-at="2021-07-09T08:13:36Z">
          <params>
            <param index="0">
              <value>
                <![CDATA[Shiatnshu]]>
              </value>
            </param>
            <param index="1">
              <value>
                <![CDATA[Male]]>
              </value>
            </param>
            <param index="2">
              <value>
                <![CDATA[12031991]]>
              </value>
            </param>
            <param index="3">
              <value>
                <![CDATA[Ram nagar]]>
              </value>
            </param>
            <param index="4">
              <value>
                <![CDATA[Ahmednagar]]>
              </value>
            </param>
            <param index="5">
              <value>
                <![CDATA[Maharashtra]]>
              </value>
            </param>
            <param index="6">
              <value>
                <![CDATA[411001]]>
              </value>
            </param>
            <param index="7">
              <value>
                <![CDATA[6687577676]]>
              </value>
            </param>
            <param index="8">
              <value>
                <![CDATA[pqr@gmail.com]]>
              </value>
            </param>
            <param index="9">
              <value>
                <![CDATA[pqr1234]]>
              </value>
            </param>
          </params>
          <reporter-output>
          </reporter-output>
        </test-method> <!-- AddCustomer -->
        <test-method status="PASS" signature="TearDown()[pri:0, instance:Com.Guru99.TestCases.TC_002_AddNewCustomer@7a30d1e6]" name="TearDown" is-config="true" duration-ms="926" started-at="2021-07-09T08:13:36Z" finished-at="2021-07-09T08:13:37Z">
          <reporter-output>
          </reporter-output>
        </test-method> <!-- TearDown -->
      </class> <!-- Com.Guru99.TestCases.TC_002_AddNewCustomer -->
    </test> <!-- Guru99 Test -->
  </suite> <!-- Guru99 -->
</testng-results>
